#
# There is insufficient memory for the Java Runtime Environment to continue.
# Native memory allocation (malloc) failed to allocate 1874416 bytes for Chunk::new
# Possible reasons:
#   The system is out of physical RAM or swap space
#   The process is running with CompressedOops enabled, and the Java Heap may be blocking the growth of the native heap
# Possible solutions:
#   Reduce memory load on the system
#   Increase physical memory or swap space
#   Check if swap backing store is full
#   Decrease Java heap size (-Xmx/-Xms)
#   Decrease number of Java threads
#   Decrease Java thread stack sizes (-Xss)
#   Set larger code cache with -XX:ReservedCodeCacheSize=
#   JVM is running with Zero Based Compressed Oops mode in which the Java heap is
#     placed in the first 32GB address space. The Java Heap base address is the
#     maximum limit for the native heap growth. Please use -XX:HeapBaseMinAddress
#     to set the Java Heap base and to place the Java Heap above 32GB virtual address.
# This output file may be truncated or incomplete.
#
#  Out of Memory Error (arena.cpp:168), pid=20476, tid=31972
#
# JRE version: Java(TM) SE Runtime Environment (21.0.7+8) (build 21.0.7+8-LTS-245)
# Java VM: Java HotSpot(TM) 64-Bit Server VM (21.0.7+8-LTS-245, mixed mode, sharing, tiered, compressed oops, compressed class ptrs, g1 gc, windows-amd64)
# No core dump will be written. Minidumps are not enabled by default on client versions of Windows
#

---------------  S U M M A R Y ------------

Command Line: -javaagent:C:\Program Files\JetBrains\IntelliJ IDEA Community Edition 2023.3.5\lib\idea_rt.jar=58147:C:\Program Files\JetBrains\IntelliJ IDEA Community Edition 2023.3.5\bin -Dfile.encoding=UTF-8 -Dsun.stdout.encoding=UTF-8 -Dsun.stderr.encoding=UTF-8 com.example.ThienNguyen.ThienNguyenApplication

Host: AMD Ryzen 5 5600H with Radeon Graphics         , 12 cores, 15G,  Windows 11 , 64 bit Build 26100 (10.0.26100.4484)
Time: Wed Dec 24 17:15:46 2025 SE Asia Standard Time elapsed time: 1180.813232 seconds (0d 0h 19m 40s)

---------------  T H R E A D  ---------------

Current thread (0x000001895413c1e0):  JavaThread "C2 CompilerThread0" daemon [_thread_in_native, id=31972, stack(0x0000002b36b00000,0x0000002b36c00000) (1024K)]


Current CompileTask:
C2:1180813 7740       4       sun.security.ec.ECOperations::setSum (685 bytes)

Stack: [0x0000002b36b00000,0x0000002b36c00000]
Native frames: (J=compiled Java code, j=interpreted, Vv=VM code, C=native code)
V  [jvm.dll+0x6cae19]
V  [jvm.dll+0x855741]
V  [jvm.dll+0x857c6e]
V  [jvm.dll+0x858343]
V  [jvm.dll+0x27e0b6]
V  [jvm.dll+0xc4ecd]
V  [jvm.dll+0xc5403]
V  [jvm.dll+0x3b5752]
V  [jvm.dll+0x381e25]
V  [jvm.dll+0x38129a]
V  [jvm.dll+0x246b30]
V  [jvm.dll+0x24610f]
V  [jvm.dll+0x1c6efe]
V  [jvm.dll+0x255819]
V  [jvm.dll+0x253daa]
V  [jvm.dll+0x3eebb6]
V  [jvm.dll+0x7ffa1b]
V  [jvm.dll+0x6c94fd]
C  [ucrtbase.dll+0x37b0]
C  [KERNEL32.DLL+0x2e8d7]
C  [ntdll.dll+0x3c34c]


---------------  P R O C E S S  ---------------

Threads class SMR info:
_java_thread_list=0x00000189587fd9b0, length=29, elements={
0x0000018954125120, 0x0000018954125d20, 0x000001895412d060, 0x0000018954133300,
0x0000018954135970, 0x0000018954137190, 0x000001895413c1e0, 0x000001895413eae0,
0x000001897ab2b150, 0x000001895464fe10, 0x0000018954448430, 0x0000018956771430,
0x0000018957812ff0, 0x00000189579f7ab0, 0x0000018957918dd0, 0x00000189579180b0,
0x0000018957917a20, 0x0000018957917390, 0x0000018957918740, 0x0000018957915fe0,
0x0000018957916d00, 0x0000018957916670, 0x0000018959c69b20, 0x0000018959c6a1b0,
0x0000018959c6b560, 0x0000018959c6a840, 0x0000018959c6aed0, 0x0000018959c69490,
0x0000018959c6bbf0
}

Java Threads: ( => current thread )
  0x0000018954125120 JavaThread "Reference Handler"          daemon [_thread_blocked, id=36364, stack(0x0000002b36500000,0x0000002b36600000) (1024K)]
  0x0000018954125d20 JavaThread "Finalizer"                  daemon [_thread_blocked, id=23796, stack(0x0000002b36600000,0x0000002b36700000) (1024K)]
  0x000001895412d060 JavaThread "Signal Dispatcher"          daemon [_thread_blocked, id=20084, stack(0x0000002b36700000,0x0000002b36800000) (1024K)]
  0x0000018954133300 JavaThread "Attach Listener"            daemon [_thread_blocked, id=9440, stack(0x0000002b36800000,0x0000002b36900000) (1024K)]
  0x0000018954135970 JavaThread "Service Thread"             daemon [_thread_blocked, id=37628, stack(0x0000002b36900000,0x0000002b36a00000) (1024K)]
  0x0000018954137190 JavaThread "Monitor Deflation Thread"   daemon [_thread_blocked, id=27984, stack(0x0000002b36a00000,0x0000002b36b00000) (1024K)]
=>0x000001895413c1e0 JavaThread "C2 CompilerThread0"         daemon [_thread_in_native, id=31972, stack(0x0000002b36b00000,0x0000002b36c00000) (1024K)]
  0x000001895413eae0 JavaThread "C1 CompilerThread0"         daemon [_thread_blocked, id=22304, stack(0x0000002b36c00000,0x0000002b36d00000) (1024K)]
  0x000001897ab2b150 JavaThread "Common-Cleaner"             daemon [_thread_blocked, id=35644, stack(0x0000002b36d00000,0x0000002b36e00000) (1024K)]
  0x000001895464fe10 JavaThread "Monitor Ctrl-Break"         daemon [_thread_in_native, id=38136, stack(0x0000002b36f00000,0x0000002b37000000) (1024K)]
  0x0000018954448430 JavaThread "Notification Thread"        daemon [_thread_blocked, id=22808, stack(0x0000002b37000000,0x0000002b37100000) (1024K)]
  0x0000018956771430 JavaThread "Catalina-utility-1"                [_thread_blocked, id=4288, stack(0x0000002b37600000,0x0000002b37700000) (1024K)]
  0x0000018957812ff0 JavaThread "Catalina-utility-2"                [_thread_blocked, id=36592, stack(0x0000002b37e00000,0x0000002b37f00000) (1024K)]
  0x00000189579f7ab0 JavaThread "container-0"                       [_thread_blocked, id=38492, stack(0x0000002b37f00000,0x0000002b38000000) (1024K)]
  0x0000018957918dd0 JavaThread "mssql-jdbc-shared-timer-core-0" daemon [_thread_blocked, id=27516, stack(0x0000002b38100000,0x0000002b38200000) (1024K)]
  0x00000189579180b0 JavaThread "HikariPool-1:housekeeper"   daemon [_thread_blocked, id=29600, stack(0x0000002b38200000,0x0000002b38300000) (1024K)]
  0x0000018957917a20 JavaThread "http-nio-8080-exec-1"       daemon [_thread_blocked, id=36004, stack(0x0000002b38400000,0x0000002b38500000) (1024K)]
  0x0000018957917390 JavaThread "http-nio-8080-exec-2"       daemon [_thread_blocked, id=9108, stack(0x0000002b38500000,0x0000002b38600000) (1024K)]
  0x0000018957918740 JavaThread "http-nio-8080-exec-3"       daemon [_thread_blocked, id=36216, stack(0x0000002b38600000,0x0000002b38700000) (1024K)]
  0x0000018957915fe0 JavaThread "http-nio-8080-exec-4"       daemon [_thread_blocked, id=4632, stack(0x0000002b38700000,0x0000002b38800000) (1024K)]
  0x0000018957916d00 JavaThread "http-nio-8080-exec-5"       daemon [_thread_blocked, id=37992, stack(0x0000002b38800000,0x0000002b38900000) (1024K)]
  0x0000018957916670 JavaThread "http-nio-8080-exec-6"       daemon [_thread_blocked, id=36016, stack(0x0000002b38900000,0x0000002b38a00000) (1024K)]
  0x0000018959c69b20 JavaThread "http-nio-8080-exec-7"       daemon [_thread_blocked, id=22044, stack(0x0000002b38a00000,0x0000002b38b00000) (1024K)]
  0x0000018959c6a1b0 JavaThread "http-nio-8080-exec-8"       daemon [_thread_blocked, id=22104, stack(0x0000002b38b00000,0x0000002b38c00000) (1024K)]
  0x0000018959c6b560 JavaThread "http-nio-8080-exec-9"       daemon [_thread_blocked, id=29684, stack(0x0000002b38c00000,0x0000002b38d00000) (1024K)]
  0x0000018959c6a840 JavaThread "http-nio-8080-exec-10"      daemon [_thread_blocked, id=38828, stack(0x0000002b38d00000,0x0000002b38e00000) (1024K)]
  0x0000018959c6aed0 JavaThread "http-nio-8080-Poller"       daemon [_thread_in_native, id=33544, stack(0x0000002b38e00000,0x0000002b38f00000) (1024K)]
  0x0000018959c69490 JavaThread "http-nio-8080-Acceptor"     daemon [_thread_in_native, id=28084, stack(0x0000002b38f00000,0x0000002b39000000) (1024K)]
  0x0000018959c6bbf0 JavaThread "DestroyJavaVM"                     [_thread_blocked, id=38476, stack(0x0000002b35d00000,0x0000002b35e00000) (1024K)]
Total: 29

Other Threads:
  0x000001897ab3d980 VMThread "VM Thread"                           [id=28756, stack(0x0000002b36400000,0x0000002b36500000) (1024K)]
  0x000001897ab27280 WatcherThread "VM Periodic Task Thread"        [id=36304, stack(0x0000002b36300000,0x0000002b36400000) (1024K)]
  0x000001896ad57530 WorkerThread "GC Thread#0"                     [id=37744, stack(0x0000002b35e00000,0x0000002b35f00000) (1024K)]
  0x0000018954c9acb0 WorkerThread "GC Thread#1"                     [id=28812, stack(0x0000002b37100000,0x0000002b37200000) (1024K)]
  0x0000018954e10970 WorkerThread "GC Thread#2"                     [id=25648, stack(0x0000002b37200000,0x0000002b37300000) (1024K)]
  0x00000189549207a0 WorkerThread "GC Thread#3"                     [id=32180, stack(0x0000002b37300000,0x0000002b37400000) (1024K)]
  0x0000018954920b40 WorkerThread "GC Thread#4"                     [id=35712, stack(0x0000002b37400000,0x0000002b37500000) (1024K)]
  0x0000018954dbacb0 WorkerThread "GC Thread#5"                     [id=38236, stack(0x0000002b37500000,0x0000002b37600000) (1024K)]
  0x000001895537bf30 WorkerThread "GC Thread#6"                     [id=38536, stack(0x0000002b37700000,0x0000002b37800000) (1024K)]
  0x00000189550a47e0 WorkerThread "GC Thread#7"                     [id=38836, stack(0x0000002b37800000,0x0000002b37900000) (1024K)]
  0x00000189550a4f80 WorkerThread "GC Thread#8"                     [id=34532, stack(0x0000002b37900000,0x0000002b37a00000) (1024K)]
  0x00000189550577d0 WorkerThread "GC Thread#9"                     [id=37640, stack(0x0000002b37b00000,0x0000002b37c00000) (1024K)]
  0x000001896ad85880 ConcurrentGCThread "G1 Main Marker"            [id=35224, stack(0x0000002b35f00000,0x0000002b36000000) (1024K)]
  0x000001896ad86380 WorkerThread "G1 Conc#0"                       [id=18108, stack(0x0000002b36000000,0x0000002b36100000) (1024K)]
  0x00000189550589f0 WorkerThread "G1 Conc#1"                       [id=24720, stack(0x0000002b37c00000,0x0000002b37d00000) (1024K)]
  0x0000018955057b70 WorkerThread "G1 Conc#2"                       [id=38096, stack(0x0000002b37d00000,0x0000002b37e00000) (1024K)]
  0x000001897a9fa0d0 ConcurrentGCThread "G1 Refine#0"               [id=38164, stack(0x0000002b36100000,0x0000002b36200000) (1024K)]
  0x000001897a9fbaf0 ConcurrentGCThread "G1 Service"                [id=33928, stack(0x0000002b36200000,0x0000002b36300000) (1024K)]
Total: 18

Threads with active compile tasks:
C2 CompilerThread0  1180842 7740       4       sun.security.ec.ECOperations::setSum (685 bytes)
Total: 1

VM state: not at safepoint (normal execution)

VM Mutex/Monitor currently owned by a thread: None

Heap address: 0x0000000709800000, size: 3944 MB, Compressed Oops mode: Zero based, Oop shift amount: 3

CDS archive(s) mapped at: [0x000001890f000000-0x000001890fc90000-0x000001890fc90000), size 13172736, SharedBaseAddress: 0x000001890f000000, ArchiveRelocationMode: 1.
Compressed class space mapped at: 0x0000018910000000-0x0000018950000000, reserved size: 1073741824
Narrow klass base: 0x000001890f000000, Narrow klass shift: 0, Narrow klass range: 0x100000000

GC Precious Log:
 CardTable entry size: 512
 Card Set container configuration: InlinePtr #cards 4 size 8 Array Of Cards #cards 16 size 48 Howl #buckets 8 coarsen threshold 3686 Howl Bitmap #cards 512 size 80 coarsen threshold 460 Card regions per heap region 1 cards per card region 4096
 CPUs: 12 total, 12 available
 Memory: 15773M
 Large Page Support: Disabled
 NUMA Support: Disabled
 Compressed Oops: Enabled (Zero based)
 Heap Region Size: 2M
 Heap Min Capacity: 8M
 Heap Initial Capacity: 248M
 Heap Max Capacity: 3944M
 Pre-touch: Disabled
 Parallel Workers: 10
 Concurrent Workers: 3
 Concurrent Refinement Workers: 10
 Periodic GC: Disabled

Heap:
 garbage-first heap   total 81920K, used 42464K [0x0000000709800000, 0x0000000800000000)
  region size 2048K, 6 young (12288K), 2 survivors (4096K)
 Metaspace       used 80874K, committed 81728K, reserved 1179648K
  class space    used 10814K, committed 11200K, reserved 1048576K

Heap Regions: E=young(eden), S=young(survivor), O=old, HS=humongous(starts), HC=humongous(continues), CS=collection set, F=free, TAMS=top-at-mark-start, PB=parsable bottom
|   0|0x0000000709800000, 0x0000000709a00000, 0x0000000709a00000|100%| O|  |TAMS 0x0000000709800000| PB 0x0000000709800000| Untracked 
|   1|0x0000000709a00000, 0x0000000709c00000, 0x0000000709c00000|100%| O|  |TAMS 0x0000000709a00000| PB 0x0000000709a00000| Untracked 
|   2|0x0000000709c00000, 0x0000000709e00000, 0x0000000709e00000|100%| O|  |TAMS 0x0000000709c00000| PB 0x0000000709c00000| Untracked 
|   3|0x0000000709e00000, 0x000000070a000000, 0x000000070a000000|100%| O|  |TAMS 0x0000000709e00000| PB 0x0000000709e00000| Untracked 
|   4|0x000000070a000000, 0x000000070a200000, 0x000000070a200000|100%| O|  |TAMS 0x000000070a000000| PB 0x000000070a000000| Untracked 
|   5|0x000000070a200000, 0x000000070a400000, 0x000000070a400000|100%| O|  |TAMS 0x000000070a200000| PB 0x000000070a200000| Untracked 
|   6|0x000000070a400000, 0x000000070a600000, 0x000000070a600000|100%| O|  |TAMS 0x000000070a400000| PB 0x000000070a400000| Untracked 
|   7|0x000000070a600000, 0x000000070a800000, 0x000000070a800000|100%| O|  |TAMS 0x000000070a600000| PB 0x000000070a600000| Untracked 
|   8|0x000000070a800000, 0x000000070aa00000, 0x000000070aa00000|100%| O|  |TAMS 0x000000070a800000| PB 0x000000070a800000| Untracked 
|   9|0x000000070aa00000, 0x000000070ac00000, 0x000000070ac00000|100%| O|  |TAMS 0x000000070aa00000| PB 0x000000070aa00000| Untracked 
|  10|0x000000070ac00000, 0x000000070ae00000, 0x000000070ae00000|100%| O|  |TAMS 0x000000070ac00000| PB 0x000000070ac00000| Untracked 
|  11|0x000000070ae00000, 0x000000070b000000, 0x000000070b000000|100%| O|  |TAMS 0x000000070ae00000| PB 0x000000070ae00000| Untracked 
|  12|0x000000070b000000, 0x000000070b200000, 0x000000070b200000|100%| O|  |TAMS 0x000000070b000000| PB 0x000000070b000000| Untracked 
|  13|0x000000070b200000, 0x000000070b400000, 0x000000070b400000|100%| O|  |TAMS 0x000000070b200000| PB 0x000000070b200000| Untracked 
|  14|0x000000070b400000, 0x000000070b578350, 0x000000070b600000| 73%| O|  |TAMS 0x000000070b400000| PB 0x000000070b400000| Untracked 
|  15|0x000000070b600000, 0x000000070b800000, 0x000000070b800000|100%| S|CS|TAMS 0x000000070b600000| PB 0x000000070b600000| Complete 
|  16|0x000000070b800000, 0x000000070ba00000, 0x000000070ba00000|100%| O|  |TAMS 0x000000070b800000| PB 0x000000070b800000| Untracked 
|  17|0x000000070ba00000, 0x000000070bc00000, 0x000000070bc00000|100%| S|CS|TAMS 0x000000070ba00000| PB 0x000000070ba00000| Complete 
|  18|0x000000070bc00000, 0x000000070bc00000, 0x000000070be00000|  0%| F|  |TAMS 0x000000070bc00000| PB 0x000000070bc00000| Untracked 
|  19|0x000000070be00000, 0x000000070be00000, 0x000000070c000000|  0%| F|  |TAMS 0x000000070be00000| PB 0x000000070be00000| Untracked 
|  20|0x000000070c000000, 0x000000070c000000, 0x000000070c200000|  0%| F|  |TAMS 0x000000070c000000| PB 0x000000070c000000| Untracked 
|  21|0x000000070c200000, 0x000000070c200000, 0x000000070c400000|  0%| F|  |TAMS 0x000000070c200000| PB 0x000000070c200000| Untracked 
|  22|0x000000070c400000, 0x000000070c400000, 0x000000070c600000|  0%| F|  |TAMS 0x000000070c400000| PB 0x000000070c400000| Untracked 
|  23|0x000000070c600000, 0x000000070c600000, 0x000000070c800000|  0%| F|  |TAMS 0x000000070c600000| PB 0x000000070c600000| Untracked 
|  24|0x000000070c800000, 0x000000070c800000, 0x000000070ca00000|  0%| F|  |TAMS 0x000000070c800000| PB 0x000000070c800000| Untracked 
|  25|0x000000070ca00000, 0x000000070ca00000, 0x000000070cc00000|  0%| F|  |TAMS 0x000000070ca00000| PB 0x000000070ca00000| Untracked 
|  26|0x000000070cc00000, 0x000000070cc00000, 0x000000070ce00000|  0%| F|  |TAMS 0x000000070cc00000| PB 0x000000070cc00000| Untracked 
|  27|0x000000070ce00000, 0x000000070ce00000, 0x000000070d000000|  0%| F|  |TAMS 0x000000070ce00000| PB 0x000000070ce00000| Untracked 
|  28|0x000000070d000000, 0x000000070d000000, 0x000000070d200000|  0%| F|  |TAMS 0x000000070d000000| PB 0x000000070d000000| Untracked 
|  29|0x000000070d200000, 0x000000070d200000, 0x000000070d400000|  0%| F|  |TAMS 0x000000070d200000| PB 0x000000070d200000| Untracked 
|  30|0x000000070d400000, 0x000000070d400000, 0x000000070d600000|  0%| F|  |TAMS 0x000000070d400000| PB 0x000000070d400000| Untracked 
|  31|0x000000070d600000, 0x000000070d600000, 0x000000070d800000|  0%| F|  |TAMS 0x000000070d600000| PB 0x000000070d600000| Untracked 
|  32|0x000000070d800000, 0x000000070d800000, 0x000000070da00000|  0%| F|  |TAMS 0x000000070d800000| PB 0x000000070d800000| Untracked 
|  33|0x000000070da00000, 0x000000070da00000, 0x000000070dc00000|  0%| F|  |TAMS 0x000000070da00000| PB 0x000000070da00000| Untracked 
|  34|0x000000070dc00000, 0x000000070dc00000, 0x000000070de00000|  0%| F|  |TAMS 0x000000070dc00000| PB 0x000000070dc00000| Untracked 
|  35|0x000000070de00000, 0x000000070de00000, 0x000000070e000000|  0%| F|  |TAMS 0x000000070de00000| PB 0x000000070de00000| Untracked 
|  36|0x000000070e000000, 0x000000070e03a0d8, 0x000000070e200000| 11%| E|  |TAMS 0x000000070e000000| PB 0x000000070e000000| Complete 
|  37|0x000000070e200000, 0x000000070e400000, 0x000000070e400000|100%| E|CS|TAMS 0x000000070e200000| PB 0x000000070e200000| Complete 
|  38|0x000000070e400000, 0x000000070e600000, 0x000000070e600000|100%| E|CS|TAMS 0x000000070e400000| PB 0x000000070e400000| Complete 
| 123|0x0000000718e00000, 0x0000000719000000, 0x0000000719000000|100%| E|CS|TAMS 0x0000000718e00000| PB 0x0000000718e00000| Complete 

Card table byte_map: [0x0000018973e90000,0x0000018974650000] _byte_map_base: 0x0000018970644000

Marking Bits: (CMBitMap*) 0x000001896ad58440
 Bits: [0x0000018974650000, 0x00000189783f0000)

Polling page: 0x000001896a4b0000

Metaspace:

Usage:
  Non-class:     68.42 MB used.
      Class:     10.56 MB used.
       Both:     78.98 MB used.

Virtual space:
  Non-class space:      128.00 MB reserved,      68.88 MB ( 54%) committed,  2 nodes.
      Class space:        1.00 GB reserved,      10.94 MB (  1%) committed,  1 nodes.
             Both:        1.12 GB reserved,      79.81 MB (  7%) committed. 

Chunk freelists:
   Non-Class:  10.67 MB
       Class:  5.12 MB
        Both:  15.79 MB

MaxMetaspaceSize: unlimited
CompressedClassSpaceSize: 1.00 GB
Initial GC threshold: 21.00 MB
Current GC threshold: 99.06 MB
CDS: on
 - commit_granule_bytes: 65536.
 - commit_granule_words: 8192.
 - virtual_space_node_default_size: 8388608.
 - enlarge_chunks_in_place: 1.
 - use_allocation_guard: 0.


Internal statistics:

num_allocs_failed_limit: 12.
num_arena_births: 1154.
num_arena_deaths: 0.
num_vsnodes_births: 3.
num_vsnodes_deaths: 0.
num_space_committed: 1277.
num_space_uncommitted: 0.
num_chunks_returned_to_freelist: 12.
num_chunks_taken_from_freelist: 3993.
num_chunk_merges: 12.
num_chunk_splits: 2900.
num_chunks_enlarged: 2242.
num_inconsistent_stats: 0.

CodeHeap 'non-profiled nmethods': size=120000Kb used=4932Kb max_used=4932Kb free=115067Kb
 bounds [0x0000018907ad0000, 0x0000018907fb0000, 0x000001890f000000]
CodeHeap 'profiled nmethods': size=120000Kb used=13610Kb max_used=13610Kb free=106389Kb
 bounds [0x0000018900000000, 0x0000018900d50000, 0x0000018907530000]
CodeHeap 'non-nmethods': size=5760Kb used=1783Kb max_used=1804Kb free=3976Kb
 bounds [0x0000018907530000, 0x00000189077a0000, 0x0000018907ad0000]
 total_blobs=7817 nmethods=7029 adapters=691
 compilation: enabled
              stopped_count=0, restarted_count=0
 full_count=0

Compilation events (20 events):
Event: 1174.623 Thread 0x000001895413eae0 7733       3       sun.security.ssl.HandshakeOutStream::putInt16 (20 bytes)
Event: 1174.623 Thread 0x000001895413eae0 nmethod 7733 0x0000018900d40e10 code [0x0000018900d41000, 0x0000018900d414d8]
Event: 1174.630 Thread 0x000001895413eae0 7734       3       java.math.BigInteger::montgomerySquare (49 bytes)
Event: 1174.630 Thread 0x000001895413eae0 nmethod 7734 0x0000018900d41790 code [0x0000018900d41980, 0x0000018900d41d78]
Event: 1174.630 Thread 0x000001895413eae0 7735       3       java.math.BigInteger::implMontgomerySquare (19 bytes)
Event: 1174.630 Thread 0x000001895413eae0 nmethod 7735 0x0000018900d41f10 code [0x0000018900d420c0, 0x0000018900d42238]
Event: 1174.630 Thread 0x000001895413eae0 7736       3       java.math.BigInteger::squareToLen (33 bytes)
Event: 1174.631 Thread 0x000001895413eae0 nmethod 7736 0x0000018900d42310 code [0x0000018900d424e0, 0x0000018900d42788]
Event: 1174.631 Thread 0x000001895413eae0 7738       3       sun.security.jca.ProviderList::getService (118 bytes)
Event: 1174.631 Thread 0x000001895413c1e0 nmethod 7732 0x0000018907fa0490 code [0x0000018907fa0640, 0x0000018907fa0968]
Event: 1174.632 Thread 0x000001895413eae0 nmethod 7738 0x0000018900d42890 code [0x0000018900d42b40, 0x0000018900d438b8]
Event: 1174.632 Thread 0x000001895413eae0 7737   !   3       sun.security.jca.GetInstance::getInstance (130 bytes)
Event: 1174.633 Thread 0x000001895413eae0 nmethod 7737 0x0000018900d43e10 code [0x0000018900d44160, 0x0000018900d45318]
Event: 1174.633 Thread 0x000001895413eae0 7739       3       java.math.MutableBigInteger::divideMagnitude (1297 bytes)
Event: 1174.634 Thread 0x000001895413c1e0 7740       4       sun.security.ec.ECOperations::setSum (685 bytes)
Event: 1174.635 Thread 0x000001895413eae0 nmethod 7739 0x0000018900d45990 code [0x0000018900d45e80, 0x0000018900d48a70]
Event: 1174.639 Thread 0x000001895413eae0 7741       3       com.microsoft.sqlserver.jdbc.TDSWriter::writeByte (86 bytes)
Event: 1174.640 Thread 0x000001895413eae0 nmethod 7741 0x0000018900d49e90 code [0x0000018900d4a0a0, 0x0000018900d4a6b8]
Event: 1174.644 Thread 0x000001895413eae0 7742       1       jdk.internal.event.ThreadSleepEvent::isEnabled (2 bytes)
Event: 1174.644 Thread 0x000001895413eae0 nmethod 7742 0x0000018907fa0f90 code [0x0000018907fa1120, 0x0000018907fa11e8]

GC Heap History (20 events):
Event: 1.632 GC heap before
{Heap before GC invocations=4 (full 0):
 garbage-first heap   total 55296K, used 39866K [0x0000000709800000, 0x0000000800000000)
  region size 2048K, 16 young (32768K), 3 survivors (6144K)
 Metaspace       used 24480K, committed 24960K, reserved 1114112K
  class space    used 3105K, committed 3328K, reserved 1048576K
}
Event: 1.638 GC heap after
{Heap after GC invocations=5 (full 0):
 garbage-first heap   total 55296K, used 16272K [0x0000000709800000, 0x0000000800000000)
  region size 2048K, 2 young (4096K), 2 survivors (4096K)
 Metaspace       used 24480K, committed 24960K, reserved 1114112K
  class space    used 3105K, committed 3328K, reserved 1048576K
}
Event: 2.067 GC heap before
{Heap before GC invocations=5 (full 0):
 garbage-first heap   total 55296K, used 36752K [0x0000000709800000, 0x0000000800000000)
  region size 2048K, 13 young (26624K), 2 survivors (4096K)
 Metaspace       used 28187K, committed 28672K, reserved 1114112K
  class space    used 3617K, committed 3840K, reserved 1048576K
}
Event: 2.073 GC heap after
{Heap after GC invocations=6 (full 0):
 garbage-first heap   total 55296K, used 17481K [0x0000000709800000, 0x0000000800000000)
  region size 2048K, 1 young (2048K), 1 survivors (2048K)
 Metaspace       used 28187K, committed 28672K, reserved 1114112K
  class space    used 3617K, committed 3840K, reserved 1048576K
}
Event: 2.513 GC heap before
{Heap before GC invocations=6 (full 0):
 garbage-first heap   total 55296K, used 42057K [0x0000000709800000, 0x0000000800000000)
  region size 2048K, 13 young (26624K), 1 survivors (2048K)
 Metaspace       used 33196K, committed 33728K, reserved 1114112K
  class space    used 4279K, committed 4544K, reserved 1048576K
}
Event: 2.518 GC heap after
{Heap after GC invocations=7 (full 0):
 garbage-first heap   total 55296K, used 19909K [0x0000000709800000, 0x0000000800000000)
  region size 2048K, 2 young (4096K), 2 survivors (4096K)
 Metaspace       used 33196K, committed 33728K, reserved 1114112K
  class space    used 4279K, committed 4544K, reserved 1048576K
}
Event: 2.749 GC heap before
{Heap before GC invocations=7 (full 0):
 garbage-first heap   total 55296K, used 30149K [0x0000000709800000, 0x0000000800000000)
  region size 2048K, 8 young (16384K), 2 survivors (4096K)
 Metaspace       used 35459K, committed 35968K, reserved 1114112K
  class space    used 4535K, committed 4800K, reserved 1048576K
}
Event: 2.752 GC heap after
{Heap after GC invocations=8 (full 0):
 garbage-first heap   total 155648K, used 21977K [0x0000000709800000, 0x0000000800000000)
  region size 2048K, 1 young (2048K), 1 survivors (2048K)
 Metaspace       used 35459K, committed 35968K, reserved 1114112K
  class space    used 4535K, committed 4800K, reserved 1048576K
}
Event: 3.772 GC heap before
{Heap before GC invocations=9 (full 0):
 garbage-first heap   total 81920K, used 67033K [0x0000000709800000, 0x0000000800000000)
  region size 2048K, 24 young (49152K), 1 survivors (2048K)
 Metaspace       used 50493K, committed 51200K, reserved 1114112K
  class space    used 6519K, committed 6848K, reserved 1048576K
}
Event: 3.775 GC heap after
{Heap after GC invocations=10 (full 0):
 garbage-first heap   total 81920K, used 25395K [0x0000000709800000, 0x0000000800000000)
  region size 2048K, 3 young (6144K), 3 survivors (6144K)
 Metaspace       used 50493K, committed 51200K, reserved 1114112K
  class space    used 6519K, committed 6848K, reserved 1048576K
}
Event: 4.239 GC heap before
{Heap before GC invocations=10 (full 0):
 garbage-first heap   total 81920K, used 56115K [0x0000000709800000, 0x0000000800000000)
  region size 2048K, 19 young (38912K), 3 survivors (6144K)
 Metaspace       used 59748K, committed 60416K, reserved 1114112K
  class space    used 7854K, committed 8192K, reserved 1048576K
}
Event: 4.242 GC heap after
{Heap after GC invocations=11 (full 0):
 garbage-first heap   total 81920K, used 26857K [0x0000000709800000, 0x0000000800000000)
  region size 2048K, 1 young (2048K), 1 survivors (2048K)
 Metaspace       used 59748K, committed 60416K, reserved 1114112K
  class space    used 7854K, committed 8192K, reserved 1048576K
}
Event: 4.259 GC heap before
{Heap before GC invocations=11 (full 0):
 garbage-first heap   total 81920K, used 26857K [0x0000000709800000, 0x0000000800000000)
  region size 2048K, 2 young (4096K), 1 survivors (2048K)
 Metaspace       used 60117K, committed 60736K, reserved 1114112K
  class space    used 7914K, committed 8192K, reserved 1048576K
}
Event: 4.260 GC heap after
{Heap after GC invocations=12 (full 0):
 garbage-first heap   total 81920K, used 26677K [0x0000000709800000, 0x0000000800000000)
  region size 2048K, 1 young (2048K), 1 survivors (2048K)
 Metaspace       used 60117K, committed 60736K, reserved 1114112K
  class space    used 7914K, committed 8192K, reserved 1048576K
}
Event: 4.834 GC heap before
{Heap before GC invocations=13 (full 0):
 garbage-first heap   total 81920K, used 69685K [0x0000000709800000, 0x0000000800000000)
  region size 2048K, 22 young (45056K), 1 survivors (2048K)
 Metaspace       used 68249K, committed 68992K, reserved 1114112K
  class space    used 9077K, committed 9408K, reserved 1048576K
}
Event: 4.836 GC heap after
{Heap after GC invocations=14 (full 0):
 garbage-first heap   total 81920K, used 29694K [0x0000000709800000, 0x0000000800000000)
  region size 2048K, 3 young (6144K), 3 survivors (6144K)
 Metaspace       used 68249K, committed 68992K, reserved 1114112K
  class space    used 9077K, committed 9408K, reserved 1048576K
}
Event: 5.272 GC heap before
{Heap before GC invocations=14 (full 0):
 garbage-first heap   total 81920K, used 68606K [0x0000000709800000, 0x0000000800000000)
  region size 2048K, 22 young (45056K), 3 survivors (6144K)
 Metaspace       used 71981K, committed 72768K, reserved 1114112K
  class space    used 9626K, committed 9984K, reserved 1048576K
}
Event: 5.276 GC heap after
{Heap after GC invocations=15 (full 0):
 garbage-first heap   total 81920K, used 32344K [0x0000000709800000, 0x0000000800000000)
  region size 2048K, 3 young (6144K), 3 survivors (6144K)
 Metaspace       used 71981K, committed 72768K, reserved 1114112K
  class space    used 9626K, committed 9984K, reserved 1048576K
}
Event: 743.398 GC heap before
{Heap before GC invocations=15 (full 0):
 garbage-first heap   total 81920K, used 69208K [0x0000000709800000, 0x0000000800000000)
  region size 2048K, 22 young (45056K), 3 survivors (6144K)
 Metaspace       used 80403K, committed 81216K, reserved 1179648K
  class space    used 10798K, committed 11136K, reserved 1048576K
}
Event: 743.443 GC heap after
{Heap after GC invocations=16 (full 0):
 garbage-first heap   total 81920K, used 36320K [0x0000000709800000, 0x0000000800000000)
  region size 2048K, 2 young (4096K), 2 survivors (4096K)
 Metaspace       used 80403K, committed 81216K, reserved 1179648K
  class space    used 10798K, committed 11136K, reserved 1048576K
}

Dll operation events (14 events):
Event: 0.012 Loaded shared library C:\Program Files\Java\jdk-21\bin\java.dll
Event: 0.039 Loaded shared library C:\Program Files\Java\jdk-21\bin\jsvml.dll
Event: 0.124 Loaded shared library C:\Program Files\Java\jdk-21\bin\zip.dll
Event: 0.127 Loaded shared library C:\Program Files\Java\jdk-21\bin\instrument.dll
Event: 0.131 Loaded shared library C:\Program Files\Java\jdk-21\bin\net.dll
Event: 0.133 Loaded shared library C:\Program Files\Java\jdk-21\bin\nio.dll
Event: 0.135 Loaded shared library C:\Program Files\Java\jdk-21\bin\zip.dll
Event: 0.215 Loaded shared library C:\Program Files\JetBrains\IntelliJ IDEA Community Edition 2023.3.5\bin\breakgen64.dll
Event: 0.225 Loaded shared library C:\Program Files\Java\jdk-21\bin\extnet.dll
Event: 0.252 Loaded shared library C:\Program Files\Java\jdk-21\bin\jimage.dll
Event: 1.334 Loaded shared library C:\Program Files\Java\jdk-21\bin\sunmscapi.dll
Event: 2.430 Loaded shared library C:\Program Files\Java\jdk-21\bin\management.dll
Event: 2.432 Loaded shared library C:\Program Files\Java\jdk-21\bin\management_ext.dll
Event: 3.437 Loaded shared library C:\Program Files\Java\jdk-21\bin\verify.dll

Deoptimization events (20 events):
Event: 593.788 Thread 0x0000018957916d00 Uncommon trap: trap_request=0xffffffc6 fr.pc=0x0000018907b2c8ac relative=0x000000000000034c
Event: 593.788 Thread 0x0000018957916d00 Uncommon trap: reason=bimorphic_or_optimized_type_check action=maybe_recompile pc=0x0000018907b2c8ac method=java.util.regex.Pattern$SliceI.match(Ljava/util/regex/Matcher;ILjava/lang/CharSequence;)Z @ 92 c2
Event: 593.788 Thread 0x0000018957916d00 DEOPT PACKING pc=0x0000018907b2c8ac sp=0x0000002b388fc950
Event: 593.788 Thread 0x0000018957916d00 DEOPT UNPACKING pc=0x00000189075846a2 sp=0x0000002b388fc8f8 mode 2
Event: 609.546 Thread 0x0000018957915fe0 Uncommon trap: trap_request=0xffffffc6 fr.pc=0x0000018907b2c8ac relative=0x000000000000034c
Event: 609.546 Thread 0x0000018957915fe0 Uncommon trap: reason=bimorphic_or_optimized_type_check action=maybe_recompile pc=0x0000018907b2c8ac method=java.util.regex.Pattern$SliceI.match(Ljava/util/regex/Matcher;ILjava/lang/CharSequence;)Z @ 92 c2
Event: 609.546 Thread 0x0000018957915fe0 DEOPT PACKING pc=0x0000018907b2c8ac sp=0x0000002b387fcc30
Event: 609.546 Thread 0x0000018957915fe0 DEOPT UNPACKING pc=0x00000189075846a2 sp=0x0000002b387fcbd8 mode 2
Event: 735.927 Thread 0x0000018959c6a840 Uncommon trap: trap_request=0xffffffc6 fr.pc=0x0000018907b2c8ac relative=0x000000000000034c
Event: 735.927 Thread 0x0000018959c6a840 Uncommon trap: reason=bimorphic_or_optimized_type_check action=maybe_recompile pc=0x0000018907b2c8ac method=java.util.regex.Pattern$SliceI.match(Ljava/util/regex/Matcher;ILjava/lang/CharSequence;)Z @ 92 c2
Event: 735.927 Thread 0x0000018959c6a840 DEOPT PACKING pc=0x0000018907b2c8ac sp=0x0000002b38dfcb70
Event: 735.927 Thread 0x0000018959c6a840 DEOPT UNPACKING pc=0x00000189075846a2 sp=0x0000002b38dfcb18 mode 2
Event: 735.943 Thread 0x0000018959c6a840 DEOPT PACKING pc=0x000001890090bc10 sp=0x0000002b38dfad80
Event: 735.943 Thread 0x0000018959c6a840 DEOPT UNPACKING pc=0x0000018907584e42 sp=0x0000002b38dfa208 mode 0
Event: 737.125 Thread 0x0000018959c6b560 Uncommon trap: trap_request=0xffffffc6 fr.pc=0x0000018907b2c8ac relative=0x000000000000034c
Event: 737.125 Thread 0x0000018959c6b560 Uncommon trap: reason=bimorphic_or_optimized_type_check action=maybe_recompile pc=0x0000018907b2c8ac method=java.util.regex.Pattern$SliceI.match(Ljava/util/regex/Matcher;ILjava/lang/CharSequence;)Z @ 92 c2
Event: 737.125 Thread 0x0000018959c6b560 DEOPT PACKING pc=0x0000018907b2c8ac sp=0x0000002b38cfcd90
Event: 737.125 Thread 0x0000018959c6b560 DEOPT UNPACKING pc=0x00000189075846a2 sp=0x0000002b38cfcd38 mode 2
Event: 1054.579 Thread 0x00000189579180b0 DEOPT PACKING pc=0x0000018900b32ae0 sp=0x0000002b382fdc60
Event: 1054.581 Thread 0x00000189579180b0 DEOPT UNPACKING pc=0x0000018907584e42 sp=0x0000002b382fd120 mode 0

Classes loaded (20 events):
Event: 593.823 Loading class javax/crypto/MacSpi
Event: 593.823 Loading class javax/crypto/MacSpi done
Event: 593.823 Loading class com/sun/crypto/provider/HmacCore done
Event: 593.823 Loading class com/sun/crypto/provider/HmacCore$HmacSHA512 done
Event: 593.835 Loading class java/time/Duration$1
Event: 593.836 Loading class java/time/Duration$1 done
Event: 593.839 Loading class java/time/Instant$1
Event: 593.839 Loading class java/time/Instant$1 done
Event: 1174.604 Loading class sun/security/ssl/Alert
Event: 1174.611 Loading class sun/security/ssl/Alert done
Event: 1174.611 Loading class sun/security/ssl/Alert$AlertConsumer
Event: 1174.614 Loading class sun/security/ssl/Alert$AlertConsumer done
Event: 1174.614 Loading class sun/security/ssl/Alert$Level
Event: 1174.615 Loading class sun/security/ssl/Alert$Level done
Event: 1174.616 Loading class javax/crypto/AEADBadTagException
Event: 1174.616 Loading class javax/crypto/BadPaddingException
Event: 1174.617 Loading class javax/crypto/BadPaddingException done
Event: 1174.617 Loading class javax/crypto/AEADBadTagException done
Event: 1174.617 Loading class javax/net/ssl/SSLHandshakeException
Event: 1174.618 Loading class javax/net/ssl/SSLHandshakeException done

Classes unloaded (0 events):
No events

Classes redefined (0 events):
No events

Internal exceptions (20 events):
Event: 948.458 Thread 0x0000018959c6b560 Exception <a 'java/io/FileNotFoundException'{0x000000070e4342c0}> (0x000000070e4342c0) 
thrown [s\open\src\hotspot\share\prims\jni.cpp, line 520]
Event: 948.458 Thread 0x0000018959c6b560 Exception <a 'java/io/FileNotFoundException'{0x000000070e435fb0}> (0x000000070e435fb0) 
thrown [s\open\src\hotspot\share\prims\jni.cpp, line 520]
Event: 978.829 Thread 0x00000189579180b0 Exception <a 'java/io/FileNotFoundException'{0x000000070e4e87d8}> (0x000000070e4e87d8) 
thrown [s\open\src\hotspot\share\prims\jni.cpp, line 520]
Event: 978.829 Thread 0x00000189579180b0 Exception <a 'java/io/FileNotFoundException'{0x000000070e4e9a08}> (0x000000070e4e9a08) 
thrown [s\open\src\hotspot\share\prims\jni.cpp, line 520]
Event: 1011.736 Thread 0x0000018959c69b20 Exception <a 'java/io/FileNotFoundException'{0x0000000718f9b558}> (0x0000000718f9b558) 
thrown [s\open\src\hotspot\share\prims\jni.cpp, line 520]
Event: 1011.736 Thread 0x0000018957915fe0 Exception <a 'java/io/FileNotFoundException'{0x0000000718f7fac8}> (0x0000000718f7fac8) 
thrown [s\open\src\hotspot\share\prims\jni.cpp, line 520]
Event: 1011.736 Thread 0x0000018959c69b20 Exception <a 'java/io/FileNotFoundException'{0x0000000718f9d248}> (0x0000000718f9d248) 
thrown [s\open\src\hotspot\share\prims\jni.cpp, line 520]
Event: 1011.736 Thread 0x0000018957915fe0 Exception <a 'java/io/FileNotFoundException'{0x0000000718f817b8}> (0x0000000718f817b8) 
thrown [s\open\src\hotspot\share\prims\jni.cpp, line 520]
Event: 1043.467 Thread 0x00000189579180b0 Exception <a 'java/io/FileNotFoundException'{0x000000070e4f8e50}> (0x000000070e4f8e50) 
thrown [s\open\src\hotspot\share\prims\jni.cpp, line 520]
Event: 1043.467 Thread 0x00000189579180b0 Exception <a 'java/io/FileNotFoundException'{0x000000070e4fa080}> (0x000000070e4fa080) 
thrown [s\open\src\hotspot\share\prims\jni.cpp, line 520]
Event: 1075.147 Thread 0x00000189579180b0 Exception <a 'java/io/FileNotFoundException'{0x000000070e5a2e10}> (0x000000070e5a2e10) 
thrown [s\open\src\hotspot\share\prims\jni.cpp, line 520]
Event: 1075.147 Thread 0x00000189579180b0 Exception <a 'java/io/FileNotFoundException'{0x000000070e5a4040}> (0x000000070e5a4040) 
thrown [s\open\src\hotspot\share\prims\jni.cpp, line 520]
Event: 1105.952 Thread 0x00000189579180b0 Exception <a 'java/io/FileNotFoundException'{0x000000070e23fd08}> (0x000000070e23fd08) 
thrown [s\open\src\hotspot\share\prims\jni.cpp, line 520]
Event: 1105.952 Thread 0x00000189579180b0 Exception <a 'java/io/FileNotFoundException'{0x000000070e240f38}> (0x000000070e240f38) 
thrown [s\open\src\hotspot\share\prims\jni.cpp, line 520]
Event: 1141.193 Thread 0x00000189579180b0 Exception <a 'java/io/FileNotFoundException'{0x000000070e363650}> (0x000000070e363650) 
thrown [s\open\src\hotspot\share\prims\jni.cpp, line 520]
Event: 1141.193 Thread 0x00000189579180b0 Exception <a 'java/io/FileNotFoundException'{0x000000070e364880}> (0x000000070e364880) 
thrown [s\open\src\hotspot\share\prims\jni.cpp, line 520]
Event: 1174.601 Thread 0x00000189579180b0 Exception <a 'java/io/FileNotFoundException'{0x000000070e3b68d0}> (0x000000070e3b68d0) 
thrown [s\open\src\hotspot\share\prims\jni.cpp, line 520]
Event: 1174.601 Thread 0x00000189579180b0 Exception <a 'java/io/FileNotFoundException'{0x000000070e3b7b00}> (0x000000070e3b7b00) 
thrown [s\open\src\hotspot\share\prims\jni.cpp, line 520]
Event: 1174.606 Thread 0x0000018959c68e00 Exception <a 'java/io/FileNotFoundException'{0x000000070e3e0440}> (0x000000070e3e0440) 
thrown [s\open\src\hotspot\share\prims\jni.cpp, line 520]
Event: 1174.606 Thread 0x0000018959c68e00 Exception <a 'java/io/FileNotFoundException'{0x000000070e3e16a8}> (0x000000070e3e16a8) 
thrown [s\open\src\hotspot\share\prims\jni.cpp, line 520]

ZGC Phase Switch (0 events):
No events

VM Operations (20 events):
Event: 1113.460 Executing VM operation: Cleanup
Event: 1113.460 Executing VM operation: Cleanup done
Event: 1114.460 Executing VM operation: Cleanup
Event: 1114.460 Executing VM operation: Cleanup done
Event: 1125.468 Executing VM operation: Cleanup
Event: 1125.468 Executing VM operation: Cleanup done
Event: 1131.470 Executing VM operation: Cleanup
Event: 1131.470 Executing VM operation: Cleanup done
Event: 1141.480 Executing VM operation: Cleanup
Event: 1141.480 Executing VM operation: Cleanup done
Event: 1142.574 Executing VM operation: HandshakeAllThreads (HandshakeForDeflation)
Event: 1142.574 Executing VM operation: HandshakeAllThreads (HandshakeForDeflation) done
Event: 1142.574 Executing VM operation: RendezvousGCThreads
Event: 1142.574 Executing VM operation: RendezvousGCThreads done
Event: 1163.585 Executing VM operation: Cleanup
Event: 1163.585 Executing VM operation: Cleanup done
Event: 1174.590 Executing VM operation: Cleanup
Event: 1174.590 Executing VM operation: Cleanup done
Event: 1175.591 Executing VM operation: Cleanup
Event: 1175.653 Executing VM operation: Cleanup done

Events (20 events):
Event: 5.391 Thread 0x0000018959c69490 Thread added: 0x0000018959c69490
Event: 5.403 Thread 0x000001896acf1b30 Thread exited: 0x000001896acf1b30
Event: 5.403 Thread 0x0000018959c6bbf0 Thread added: 0x0000018959c6bbf0
Event: 8.628 Thread 0x0000018957915950 Thread exited: 0x0000018957915950
Event: 10.433 Thread 0x000001895413d670 Thread exited: 0x000001895413d670
Event: 10.479 Thread 0x000001895413f880 Thread exited: 0x000001895413f880
Event: 589.013 Thread 0x000001895413dd40 Thread added: 0x000001895413dd40
Event: 589.027 Thread 0x0000018959c6c280 Thread added: 0x0000018959c6c280
Event: 589.853 Thread 0x000001895413dd40 Thread exited: 0x000001895413dd40
Event: 593.872 Thread 0x000001895413d670 Thread added: 0x000001895413d670
Event: 594.028 Thread 0x0000018959c6c280 Thread exited: 0x0000018959c6c280
Event: 598.774 Thread 0x000001895413d670 Thread exited: 0x000001895413d670
Event: 948.458 Thread 0x0000018959c6c280 Thread added: 0x0000018959c6c280
Event: 953.460 Thread 0x0000018959c6c280 Thread exited: 0x0000018959c6c280
Event: 1011.735 Thread 0x0000018959c68e00 Thread added: 0x0000018959c68e00
Event: 1016.736 Thread 0x0000018959c68e00 Thread exited: 0x0000018959c68e00
Event: 1174.603 Thread 0x0000018959c6c280 Thread added: 0x0000018959c6c280
Event: 1174.603 Thread 0x0000018959c68e00 Thread added: 0x0000018959c68e00
Event: 1179.620 Thread 0x0000018959c6c280 Thread exited: 0x0000018959c6c280
Event: 1179.676 Thread 0x0000018959c68e00 Thread exited: 0x0000018959c68e00


Dynamic libraries:
0x00007ff7d4e10000 - 0x00007ff7d4e20000 	C:\Program Files\Java\jdk-21\bin\java.exe
0x00007ffc7b2e0000 - 0x00007ffc7b548000 	C:\WINDOWS\SYSTEM32\ntdll.dll
0x00007ffc7aa50000 - 0x00007ffc7ab19000 	C:\WINDOWS\System32\KERNEL32.DLL
0x00007ffc789c0000 - 0x00007ffc78dad000 	C:\WINDOWS\System32\KERNELBASE.dll
0x00007ffc78f30000 - 0x00007ffc7907b000 	C:\WINDOWS\System32\ucrtbase.dll
0x00007ffc6d0e0000 - 0x00007ffc6d0f9000 	C:\Program Files\Java\jdk-21\bin\jli.dll
0x00007ffc6c9f0000 - 0x00007ffc6ca0b000 	C:\Program Files\Java\jdk-21\bin\VCRUNTIME140.dll
0x00007ffc7af40000 - 0x00007ffc7aff4000 	C:\WINDOWS\System32\ADVAPI32.dll
0x00007ffc795e0000 - 0x00007ffc79689000 	C:\WINDOWS\System32\msvcrt.dll
0x00007ffc7b1f0000 - 0x00007ffc7b296000 	C:\WINDOWS\System32\sechost.dll
0x00007ffc7ae20000 - 0x00007ffc7af38000 	C:\WINDOWS\System32\RPCRT4.dll
0x00007ffc7b000000 - 0x00007ffc7b1cc000 	C:\WINDOWS\System32\USER32.dll
0x00007ffc64d40000 - 0x00007ffc64fda000 	C:\WINDOWS\WinSxS\amd64_microsoft.windows.common-controls_6595b64144ccf1df_6.0.26100.4484_none_3e0e6d4ce32ef3b3\COMCTL32.dll
0x00007ffc78790000 - 0x00007ffc787b7000 	C:\WINDOWS\System32\win32u.dll
0x00007ffc7ab30000 - 0x00007ffc7ab5b000 	C:\WINDOWS\System32\GDI32.dll
0x00007ffc78880000 - 0x00007ffc789b7000 	C:\WINDOWS\System32\gdi32full.dll
0x00007ffc785b0000 - 0x00007ffc78653000 	C:\WINDOWS\System32\msvcp_win.dll
0x00007ffc70680000 - 0x00007ffc7068b000 	C:\WINDOWS\SYSTEM32\VERSION.dll
0x00007ffc79080000 - 0x00007ffc790af000 	C:\WINDOWS\System32\IMM32.DLL
0x00007ffc6d0d0000 - 0x00007ffc6d0dc000 	C:\Program Files\Java\jdk-21\bin\vcruntime140_1.dll
0x00007ffc0d750000 - 0x00007ffc0d7de000 	C:\Program Files\Java\jdk-21\bin\msvcp140.dll
0x00007ffb782d0000 - 0x00007ffb78fea000 	C:\Program Files\Java\jdk-21\bin\server\jvm.dll
0x00007ffc79140000 - 0x00007ffc791b4000 	C:\WINDOWS\System32\WS2_32.dll
0x00007ffc78270000 - 0x00007ffc782ce000 	C:\WINDOWS\SYSTEM32\POWRPROF.dll
0x00007ffc70640000 - 0x00007ffc70675000 	C:\WINDOWS\SYSTEM32\WINMM.dll
0x00007ffc78250000 - 0x00007ffc78264000 	C:\WINDOWS\SYSTEM32\UMPDC.dll
0x00007ffc771d0000 - 0x00007ffc771eb000 	C:\WINDOWS\SYSTEM32\kernel.appcore.dll
0x00007ffc6c9e0000 - 0x00007ffc6c9ea000 	C:\Program Files\Java\jdk-21\bin\jimage.dll
0x00007ffc75a00000 - 0x00007ffc75c41000 	C:\WINDOWS\SYSTEM32\DBGHELP.DLL
0x00007ffc7a600000 - 0x00007ffc7a986000 	C:\WINDOWS\System32\combase.dll
0x00007ffc7a510000 - 0x00007ffc7a5f0000 	C:\WINDOWS\System32\OLEAUT32.dll
0x00007ffc5adb0000 - 0x00007ffc5adf3000 	C:\WINDOWS\SYSTEM32\dbgcore.DLL
0x00007ffc78660000 - 0x00007ffc786f9000 	C:\WINDOWS\System32\bcryptPrimitives.dll
0x00007ffc72e30000 - 0x00007ffc72e3f000 	C:\Program Files\Java\jdk-21\bin\instrument.dll
0x00007ffc683a0000 - 0x00007ffc683bf000 	C:\Program Files\Java\jdk-21\bin\java.dll
0x00007ffc79cc0000 - 0x00007ffc7a40a000 	C:\WINDOWS\System32\SHELL32.dll
0x00007ffc78db0000 - 0x00007ffc78f24000 	C:\WINDOWS\System32\wintypes.dll
0x00007ffc76040000 - 0x00007ffc7689b000 	C:\WINDOWS\SYSTEM32\windows.storage.dll
0x00007ffc79bc0000 - 0x00007ffc79cb5000 	C:\WINDOWS\System32\SHCORE.dll
0x00007ffc7a9e0000 - 0x00007ffc7aa4a000 	C:\WINDOWS\System32\shlwapi.dll
0x00007ffc78340000 - 0x00007ffc7836f000 	C:\WINDOWS\SYSTEM32\profapi.dll
0x00007ffbf8010000 - 0x00007ffbf80e7000 	C:\Program Files\Java\jdk-21\bin\jsvml.dll
0x00007ffc66fe0000 - 0x00007ffc66ff8000 	C:\Program Files\Java\jdk-21\bin\zip.dll
0x00007ffc685f0000 - 0x00007ffc68600000 	C:\Program Files\Java\jdk-21\bin\net.dll
0x00007ffc721f0000 - 0x00007ffc7230e000 	C:\WINDOWS\SYSTEM32\WINHTTP.dll
0x00007ffc77760000 - 0x00007ffc777ca000 	C:\WINDOWS\system32\mswsock.dll
0x00007ffc68380000 - 0x00007ffc68396000 	C:\Program Files\Java\jdk-21\bin\nio.dll
0x00007ffc6dbf0000 - 0x00007ffc6dc0a000 	C:\Program Files\JetBrains\IntelliJ IDEA Community Edition 2023.3.5\bin\breakgen64.dll
0x00007ffc664a0000 - 0x00007ffc664a9000 	C:\Program Files\Java\jdk-21\bin\extnet.dll
0x00007ffc617d0000 - 0x00007ffc617de000 	C:\Program Files\Java\jdk-21\bin\sunmscapi.dll
0x00007ffc78430000 - 0x00007ffc785a7000 	C:\WINDOWS\System32\CRYPT32.dll
0x00007ffc77c30000 - 0x00007ffc77c60000 	C:\WINDOWS\SYSTEM32\ncrypt.dll
0x00007ffc77be0000 - 0x00007ffc77c1f000 	C:\WINDOWS\SYSTEM32\NTASN1.dll
0x00007ffc77a10000 - 0x00007ffc77a2b000 	C:\WINDOWS\SYSTEM32\CRYPTSP.dll
0x00007ffc77130000 - 0x00007ffc7716b000 	C:\WINDOWS\system32\rsaenh.dll
0x00007ffc77800000 - 0x00007ffc7782b000 	C:\WINDOWS\SYSTEM32\USERENV.dll
0x00007ffc78310000 - 0x00007ffc78336000 	C:\WINDOWS\SYSTEM32\bcrypt.dll
0x00007ffc77a30000 - 0x00007ffc77a3c000 	C:\WINDOWS\SYSTEM32\CRYPTBASE.dll
0x00007ffc76c70000 - 0x00007ffc76ca3000 	C:\WINDOWS\SYSTEM32\IPHLPAPI.DLL
0x00007ffc79bb0000 - 0x00007ffc79bba000 	C:\WINDOWS\System32\NSI.dll
0x00007ffc61c60000 - 0x00007ffc61c6a000 	C:\Program Files\Java\jdk-21\bin\management.dll
0x00007ffc617e0000 - 0x00007ffc617eb000 	C:\Program Files\Java\jdk-21\bin\management_ext.dll
0x00007ffc7ab20000 - 0x00007ffc7ab28000 	C:\WINDOWS\System32\PSAPI.DLL
0x00007ffc2de60000 - 0x00007ffc2de78000 	C:\WINDOWS\system32\napinsp.dll
0x00007ffc76cb0000 - 0x00007ffc76dd6000 	C:\WINDOWS\SYSTEM32\DNSAPI.dll
0x00007ffc2de80000 - 0x00007ffc2de92000 	C:\WINDOWS\System32\winrnr.dll
0x00007ffc2dea0000 - 0x00007ffc2ded0000 	C:\WINDOWS\system32\nlansp_c.dll
0x00007ffc54cd0000 - 0x00007ffc54cf0000 	C:\WINDOWS\system32\wshbth.dll
0x00007ffc6e330000 - 0x00007ffc6e33b000 	C:\Windows\System32\rasadhlp.dll
0x00007ffc72750000 - 0x00007ffc727d6000 	C:\WINDOWS\System32\fwpuclnt.dll
0x00007ffc63880000 - 0x00007ffc63890000 	C:\Program Files\Java\jdk-21\bin\verify.dll
0x00007ffc62010000 - 0x00007ffc62018000 	C:\WINDOWS\system32\wshunix.dll

dbghelp: loaded successfully - version: 4.0.5 - missing functions: none
symbol engine: initialized successfully - sym options: 0x614 - pdb path: .;C:\Program Files\Java\jdk-21\bin;C:\WINDOWS\SYSTEM32;C:\WINDOWS\WinSxS\amd64_microsoft.windows.common-controls_6595b64144ccf1df_6.0.26100.4484_none_3e0e6d4ce32ef3b3;C:\Program Files\Java\jdk-21\bin\server;C:\Program Files\JetBrains\IntelliJ IDEA Community Edition 2023.3.5\bin

VM Arguments:
jvm_args: -javaagent:C:\Program Files\JetBrains\IntelliJ IDEA Community Edition 2023.3.5\lib\idea_rt.jar=58147:C:\Program Files\JetBrains\IntelliJ IDEA Community Edition 2023.3.5\bin -Dfile.encoding=UTF-8 -Dsun.stdout.encoding=UTF-8 -Dsun.stderr.encoding=UTF-8 
java_command: com.example.ThienNguyen.ThienNguyenApplication
java_class_path (initial): E:\SPRING BOOT PROJECTS\ThienNguyen\target\classes;C:\Users\FPT\.m2\repository\org\springframework\boot\spring-boot-starter-data-jpa\3.5.5\spring-boot-starter-data-jpa-3.5.5.jar;C:\Users\FPT\.m2\repository\org\springframework\boot\spring-boot-starter\3.5.5\spring-boot-starter-3.5.5.jar;C:\Users\FPT\.m2\repository\org\springframework\boot\spring-boot\3.5.5\spring-boot-3.5.5.jar;C:\Users\FPT\.m2\repository\org\springframework\boot\spring-boot-autoconfigure\3.5.5\spring-boot-autoconfigure-3.5.5.jar;C:\Users\FPT\.m2\repository\org\springframework\boot\spring-boot-starter-logging\3.5.5\spring-boot-starter-logging-3.5.5.jar;C:\Users\FPT\.m2\repository\ch\qos\logback\logback-classic\1.5.18\logback-classic-1.5.18.jar;C:\Users\FPT\.m2\repository\ch\qos\logback\logback-core\1.5.18\logback-core-1.5.18.jar;C:\Users\FPT\.m2\repository\org\apache\logging\log4j\log4j-to-slf4j\2.24.3\log4j-to-slf4j-2.24.3.jar;C:\Users\FPT\.m2\repository\org\apache\logging\log4j\log4j-api\2.24.3\log4j-api-2.24.3.jar;C:\Users\FPT\.m2\repository\org\slf4j\jul-to-slf4j\2.0.17\jul-to-slf4j-2.0.17.jar;C:\Users\FPT\.m2\repository\jakarta\annotation\jakarta.annotation-api\2.1.1\jakarta.annotation-api-2.1.1.jar;C:\Users\FPT\.m2\repository\org\yaml\snakeyaml\2.4\snakeyaml-2.4.jar;C:\Users\FPT\.m2\repository\org\springframework\boot\spring-boot-starter-jdbc\3.5.5\spring-boot-starter-jdbc-3.5.5.jar;C:\Users\FPT\.m2\repository\com\zaxxer\HikariCP\6.3.2\HikariCP-6.3.2.jar;C:\Users\FPT\.m2\repository\org\springframework\spring-jdbc\6.2.10\spring-jdbc-6.2.10.jar;C:\Users\FPT\.m2\repository\org\hibernate\orm\hibernate-core\6.6.26.Final\hibernate-core-6.6.26.Final.jar;C:\Users\FPT\.m2\repository\jakarta\persistence\jakarta.persistence-api\3.1.0\jakarta.persistence-api-3.1.0.jar;C:\Users\FPT\.m2\repository\jakarta\transaction\jakarta.transaction-api\2.0.1\jakarta.transaction-api-2.0.1.jar;C:\Users\FPT\.m2\repository\org\jboss\logging\jboss-logging\3.6.1.Final\jboss-logging-3.6.1.Final.jar;C:\Users\FPT\.m2\repository\org\hibernate\common\hibernate-commons-annotations\7.0.3.Final\hibernate-commons-annotations-7.0.3.Final.jar;C:\Users\FPT\.m2\repository\io\smallrye\jandex\3.2.0\jandex-3.2.0.jar;C:\Users\FPT\.m2\repository\com\fasterxml\classmate\1.7.0\classmate-1.7.0.jar;C:\Users\FPT\.m2\repository\net\bytebuddy\byte-buddy\1.17.7\byte-buddy-1.17.7.jar;C:\Users\FPT\.m2\repository\org\glassfish\jaxb\jaxb-runtime\4.0.5\jaxb-runtime-4.0.5.jar;C:\Users\FPT\.m2\repository\org\glassfish\jaxb\jaxb-core\4.0.5\jaxb-core-4.0.5.jar;C:\Users\FPT\.m2\repository\org\eclipse\angus\angus-activation\2.0.2\angus-activation-2.0.2.jar;C:\Users\FPT\.m2\repository\org\glassfish\jaxb\txw2\4.0.5\txw2-4.0.5.jar;C:\Users\FPT\.m2\repository\com\sun\istack\istack-commons-runtime\4.1.2\istack-commons-runtime-4.1.2.jar;C:\Users\FPT\.m2\repository\jakarta\inject\jakarta.inject-api\2.0.1\jakarta.inject-api-2.0.1.jar;C:\Users\FPT\.m2\repository\org\antlr\antlr4-runtime\4.13.0\antlr4-runtime-4.13.0.jar;C:\Users\FPT\.m2\repository\org\springframework\data\spring-data-jpa\3.5.3\spring-data-jpa-3.5.3.jar;C:\Users\FPT\.m2\repository\org\springframework\data\spring-data-commons\3.5.3\spring-data-commons-3.5.3.jar;C:\Users\FPT\.m2\repository\org\springframework\spring-orm\6.2.10\spring-orm-6.2.10.jar;C:\Users\FPT\.m2\repository\org\springframework\spring-context\6.2.10\spring-context-6.2.10.jar;C:\Users\FPT\.m2\repository\org\springframework\spring-aop\6.2.10\spring-aop-6.2.10.jar;C:\Users\FPT\.m2\repository\org\springframework\spring-tx\6.2.10\spring-tx-6.2.10.jar;C:\Users\FPT\.m2\repository\org\springframework\spring-beans\6.2.10\spring-beans-6.2.10.jar;C:\Users\FPT\.m2\repository\org\slf4j\slf4j-api\2.0.17\slf4j-api-2.0.17.jar;C:\Users\FPT\.m2\repository\org\springframework\spring-aspects\6.2.10\spring-aspects-6.2.10.jar;C:\Users\FPT\.m2\repository\org\aspectj\aspectjweaver\1.9.24\aspectjweaver-1.9.24.jar;C:\Users\FPT\.m2\repository\org\springframework\boot\spring-boot-starter-validation\3.5.5\spring-boot-starter-validation-3.5.5.jar;C:\Users\FPT\.m2\repository\org\apache\tomcat\embed\tomcat-embed-el\10.1.44\tomcat-embed-el-10.1.44.jar;C:\Users\FPT\.m2\repository\org\hibernate\validator\hibernate-validator\8.0.3.Final\hibernate-validator-8.0.3.Final.jar;C:\Users\FPT\.m2\repository\jakarta\validation\jakarta.validation-api\3.0.2\jakarta.validation-api-3.0.2.jar;C:\Users\FPT\.m2\repository\org\springframework\boot\spring-boot-starter-web\3.5.5\spring-boot-starter-web-3.5.5.jar;C:\Users\FPT\.m2\repository\org\springframework\boot\spring-boot-starter-json\3.5.5\spring-boot-starter-json-3.5.5.jar;C:\Users\FPT\.m2\repository\com\fasterxml\jackson\core\jackson-databind\2.19.2\jackson-databind-2.19.2.jar;C:\Users\FPT\.m2\repository\com\fasterxml\jackson\core\jackson-annotations\2.19.2\jackson-annotations-2.19.2.jar;C:\Users\FPT\.m2\repository\com\fasterxml\jackson\core\jackson-core\2.19.2\jackson-core-2.19.2.jar;C:\Users\FPT\.m2\repository\com\fasterxml\jackson\datatype\jackson-datatype-jdk8\2.19.2\jackson-datatype-jdk8-2.19.2.jar;C:\Users\FPT\.m2\repository\com\fasterxml\jackson\datatype\jackson-datatype-jsr310\2.19.2\jackson-datatype-jsr310-2.19.2.jar;C:\Users\FPT\.m2\repository\com\fasterxml\jackson\module\jackson-module-parameter-names\2.19.2\jackson-module-parameter-names-2.19.2.jar;C:\Users\FPT\.m2\repository\org\springframework\boot\spring-boot-starter-tomcat\3.5.5\spring-boot-starter-tomcat-3.5.5.jar;C:\Users\FPT\.m2\repository\org\apache\tomcat\embed\tomcat-embed-core\10.1.44\tomcat-embed-core-10.1.44.jar;C:\Users\FPT\.m2\repository\org\apache\tomcat\embed\tomcat-embed-websocket\10.1.44\tomcat-embed-websocket-10.1.44.jar;C:\Users\FPT\.m2\repository\org\springframework\spring-web\6.2.10\spring-web-6.2.10.jar;C:\Users\FPT\.m2\repository\io\micrometer\micrometer-observation\1.15.3\micrometer-observation-1.15.3.jar;C:\Users\FPT\.m2\repository\io\micrometer\micrometer-commons\1.15.3\micrometer-commons-1.15.3.jar;C:\Users\FPT\.m2\repository\org\springframework\spring-webmvc\6.2.10\spring-webmvc-6.2.10.jar;C:\Users\FPT\.m2\repository\org\springframework\spring-expression\6.2.10\spring-expression-6.2.10.jar;C:\Users\FPT\.m2\repository\com\h2database\h2\2.3.232\h2-2.3.232.jar;C:\Users\FPT\.m2\repository\com\microsoft\sqlserver\mssql-jdbc\12.10.1.jre11\mssql-jdbc-12.10.1.jre11.jar;C:\Users\FPT\.m2\repository\org\projectlombok\lombok\1.18.38\lombok-1.18.38.jar;C:\Users\FPT\.m2\repository\jakarta\xml\bind\jakarta.xml.bind-api\4.0.2\jakarta.xml.bind-api-4.0.2.jar;C:\Users\FPT\.m2\repository\jakarta\activation\jakarta.activation-api\2.1.3\jakarta.activation-api-2.1.3.jar;C:\Users\FPT\.m2\repository\org\springframework\spring-core\6.2.10\spring-core-6.2.10.jar;C:\Users\FPT\.m2\repository\org\springframework\spring-jcl\6.2.10\spring-jcl-6.2.10.jar;C:\Users\FPT\.m2\repository\org\mapstruct\mapstruct\1.5.5.Final\mapstruct-1.5.5.Final.jar;C:\Users\FPT\.m2\repository\org\springframework\security\spring-security-crypto\6.5.3\spring-security-crypto-6.5.3.jar;C:\Users\FPT\.m2\repository\org\springframework\boot\spring-boot-starter-oauth2-resource-server\3.5.5\spring-boot-starter-oauth2-resource-server-3.5.5.jar;C:\Users\FPT\.m2\repository\org\springframework\security\spring-security-config\6.5.3\spring-security-config-6.5.3.jar;C:\Users\FPT\.m2\repository\org\springframework\security\spring-security-core\6.5.3\spring-security-core-6.5.3.jar;C:\Users\FPT\.m2\repository\org\springframework\security\spring-security-oauth2-resource-server\6.5.3\spring-security-oauth2-resource-server-6.5.3.jar;C:\Users\FPT\.m2\repository\org\springframework\security\spring-security-oauth2-core\6.5.3\spring-security-oauth2-core-6.5.3.jar;C:\Users\FPT\.m2\repository\org\springframework\security\spring-security-web\6.5.3\spring-security-web-6.5.3.jar;C:\Users\FPT\.m2\repository\org\springframework\security\spring-security-oauth2-jose\6.5.3\spring-security-oauth2-jose-6.5.3.jar;C:\Users\FPT\.m2\repository\com\nimbusds\nimbus-jose-jwt\9.37.3\nimbus-jose-jwt-9.37.3.jar;C:\Users\FPT\.m2\repository\com\github\stephenc\jcip\jcip-annotations\1.0-1\jcip-annotations-1.0-1.jar
Launcher Type: SUN_STANDARD

[Global flags]
     intx CICompilerCount                          = 4                                         {product} {ergonomic}
     uint ConcGCThreads                            = 3                                         {product} {ergonomic}
     uint G1ConcRefinementThreads                  = 10                                        {product} {ergonomic}
   size_t G1HeapRegionSize                         = 2097152                                   {product} {ergonomic}
    uintx GCDrainStackTargetSize                   = 64                                        {product} {ergonomic}
   size_t InitialHeapSize                          = 260046848                                 {product} {ergonomic}
   size_t MarkStackSize                            = 4194304                                   {product} {ergonomic}
   size_t MaxHeapSize                              = 4135583744                                {product} {ergonomic}
   size_t MaxNewSize                               = 2480930816                                {product} {ergonomic}
   size_t MinHeapDeltaBytes                        = 2097152                                   {product} {ergonomic}
   size_t MinHeapSize                              = 8388608                                   {product} {ergonomic}
    uintx NonNMethodCodeHeapSize                   = 5839372                                {pd product} {ergonomic}
    uintx NonProfiledCodeHeapSize                  = 122909434                              {pd product} {ergonomic}
    uintx ProfiledCodeHeapSize                     = 122909434                              {pd product} {ergonomic}
    uintx ReservedCodeCacheSize                    = 251658240                              {pd product} {ergonomic}
     bool SegmentedCodeCache                       = true                                      {product} {ergonomic}
   size_t SoftMaxHeapSize                          = 4135583744                             {manageable} {ergonomic}
     bool UseCompressedOops                        = true                           {product lp64_product} {ergonomic}
     bool UseG1GC                                  = true                                      {product} {ergonomic}
     bool UseLargePagesIndividualAllocation        = false                                  {pd product} {ergonomic}

Logging:
Log output configuration:
 #0: stdout all=warning uptime,level,tags foldmultilines=false
 #1: stderr all=off uptime,level,tags foldmultilines=false

Environment Variables:
JAVA_HOME=C:\Program Files\Java\jdk-21
PATH=C:\Program Files\Eclipse Adoptium\jdk-11.0.28.6-hotspot\bin;C:\Program Files\Microsoft MPI\Bin\;C:\Program Files (x86)\VMware\VMware Workstation\bin\;C:\WINDOWS\system32;C:\WINDOWS;C:\WINDOWS\System32\Wbem;C:\WINDOWS\System32\WindowsPowerShell\v1.0\;C:\WINDOWS\System32\OpenSSH\;C:\Program Files (x86)\Microsoft SQL Server\160\Tools\Binn\;C:\Program Files\Microsoft SQL Server\160\Tools\Binn\;C:\Program Files\Microsoft SQL Server\Client SDK\ODBC\170\Tools\Binn\;C:\Program Files\Microsoft SQL Server\160\DTS\Binn\;C:\Program Files (x86)\Microsoft SQL Server\160\DTS\Binn\;C:\Program Files\Git\cmd;C:\Program Files\nodejs\;C:\Program Files\Microsoft SQL Server\150\Tools\Binn\;C:\Program Files\dotnet\;C:\Program Files (x86)\Windows Kits\10\Windows Performance Toolkit\;C:\apache-maven-3.9.9\bin;C:\Program Files\Java\jdk-21\bin;;C:\Program Files\Docker\Docker\resources\bin;C:\Program Files\PuTTY\;C:\Program Files\Amazon\AWSCLIV2\;C:\Users\FPT\AppData\Local\Microsoft\WindowsApps;C:\Users\FPT\AppData\Local\Programs\Microsoft VS Code\bin;C:\Program Files\JetBrains\IntelliJ IDEA Community Edition 2023.3.5\bin;;C:\Users\FPT\AppData\Local\GitHubDesktop\bin;C:\Users\FPT\AppData\Roaming\npm;C:\msys64\ucrt64\bin;C:\Users\FPT\.dotnet\tools;C:\Users\FPT\AppData\Local\Programs\cursor\resources\app\bin;
USERNAME=FPT
OS=Windows_NT
PROCESSOR_IDENTIFIER=AMD64 Family 25 Model 80 Stepping 0, AuthenticAMD
TMP=C:\Users\FPT\AppData\Local\Temp
TEMP=C:\Users\FPT\AppData\Local\Temp




Periodic native trim disabled

---------------  S Y S T E M  ---------------

OS:
 Windows 11 , 64 bit Build 26100 (10.0.26100.4484)
OS uptime: 1 days 8:36 hours
Hyper-V role detected

CPU: total 12 (initial active 12) (12 cores per cpu, 2 threads per core) family 25 model 80 stepping 0 microcode 0xa50000d, cx8, cmov, fxsr, ht, mmx, 3dnowpref, sse, sse2, sse3, ssse3, sse4a, sse4.1, sse4.2, popcnt, lzcnt, tsc, tscinvbit, avx, avx2, aes, erms, clmul, bmi1, bmi2, adx, sha, fma, vzeroupper, clflush, clflushopt, hv, rdtscp, rdpid, fsrm, f16c, cet_ss
Processor Information for all 12 processors :
  Max Mhz: 3301, Current Mhz: 3301, Mhz Limit: 3301

Memory: 4k page, system-wide physical 15773M (743M free)
TotalPageFile size 32157M (AvailPageFile size 5M)
current process WorkingSet (physical memory assigned to process): 119M, peak: 308M
current process commit charge ("private bytes"): 333M, peak: 397M

vm_info: Java HotSpot(TM) 64-Bit Server VM (21.0.7+8-LTS-245) for windows-amd64 JRE (21.0.7+8-LTS-245), built on 2025-02-21T05:11:27Z by "mach5one" with MS VC++ 17.6 (VS2022)

END.
